<?xml version="1.0" encoding="UTF-8"?>
<testng-results ignored="0" total="2" passed="1" failed="1" skipped="0">
  <reporter-output>
    <line>
      <![CDATA[[18:19:04 INFO] test starts Gmail Test on Tue Jun 05 18:19:04 EEST 2018<br>]]>
    </line>
    <line>
      <![CDATA[[18:19:04 INFO] test starts Gmail Test on Tue Jun 05 18:19:04 EEST 2018<br>]]>
    </line>
    <line>
      <![CDATA[[18:19:12 INFO] test starts null<br>]]>
    </line>
    <line>
      <![CDATA[[18:19:12 INFO] test starts null<br>]]>
    </line>
    <line>
      <![CDATA[[18:19:12 INFO] Sending keys to [Login] value [[seleniumtest581@gmail.com, ]]<br>]]>
    </line>
    <line>
      <![CDATA[[18:19:15 INFO] Sending keys to [Password] value [[test2018, ]]<br>]]>
    </line>
    <line>
      <![CDATA[[18:19:23 INFO] Click on [Compose button]<br>]]>
    </line>
    <line>
      <![CDATA[[18:19:25 INFO] Sending keys to [Reciever message] value [[dachkevych13@gmail.com ]]<br>]]>
    </line>
    <line>
      <![CDATA[[18:19:29 INFO] Sending keys to [Subject message] value [[Some subject]]<br>]]>
    </line>
    <line>
      <![CDATA[[18:19:30 INFO] Sending keys to [Text message] value [[Some text]]<br>]]>
    </line>
    <line>
      <![CDATA[[18:19:30 INFO] Click on [Close message]<br>]]>
    </line>
    <line>
      <![CDATA[[18:19:30 INFO] Click on [Draft message]<br>]]>
    </line>
    <line>
      <![CDATA[[18:19:32 INFO] Click on [Last draft message]<br>]]>
    </line>
    <line>
      <![CDATA[[18:19:33 INFO] Click on [Sent message]<br>]]>
    </line>
    <line>
      <![CDATA[[18:19:33 INFO] test passed null during time 20933<br>]]>
    </line>
    <line>
      <![CDATA[[18:19:33 INFO] test passed null during time 20933<br>]]>
    </line>
    <line>
      <![CDATA[[18:19:04 INFO] test starts Gmail Test on Tue Jun 05 18:19:04 EEST 2018<br>]]>
    </line>
    <line>
      <![CDATA[[18:19:04 INFO] test starts Gmail Test on Tue Jun 05 18:19:04 EEST 2018<br>]]>
    </line>
    <line>
      <![CDATA[[18:19:34 INFO] Passed tests: [ResultMap map={[TestResult name=createAndSendMessage status=SUCCESS method=TestGmail.createAndSendMessage(com.epam.lab.gmail.dataobject.UserModelGmail)[pri:0, instance:com.epam.lab.gmail.tests.TestGmail@7bab3f1a] output=[18:19:12 INFO] test starts null<br>]=TestGmail.createAndSendMessage(com.epam.lab.gmail.dataobject.UserModelGmail)[pri:0, instance:com.epam.lab.gmail.tests.TestGmail@7bab3f1a]}]<br>]]>
    </line>
    <line>
      <![CDATA[[18:19:34 INFO] Failed tests:[ResultMap map={}]<br>]]>
    </line>
    <line>
      <![CDATA[[18:19:34 INFO] Passed tests: [ResultMap map={[TestResult name=createAndSendMessage status=SUCCESS method=TestGmail.createAndSendMessage(com.epam.lab.gmail.dataobject.UserModelGmail)[pri:0, instance:com.epam.lab.gmail.tests.TestGmail@7bab3f1a] output=[18:19:12 INFO] test starts null<br>]=TestGmail.createAndSendMessage(com.epam.lab.gmail.dataobject.UserModelGmail)[pri:0, instance:com.epam.lab.gmail.tests.TestGmail@7bab3f1a]}]<br>]]>
    </line>
    <line>
      <![CDATA[[18:19:34 INFO] Failed tests:[ResultMap map={}]<br>]]>
    </line>
    <line>
      <![CDATA[[18:19:34 INFO] test starts GitHub Test on Tue Jun 05 18:19:34 EEST 2018<br>]]>
    </line>
    <line>
      <![CDATA[[18:19:34 INFO] test starts GitHub Test on Tue Jun 05 18:19:34 EEST 2018<br>]]>
    </line>
    <line>
      <![CDATA[[18:19:42 INFO] test starts null<br>]]>
    </line>
    <line>
      <![CDATA[[18:19:42 INFO] test starts null<br>]]>
    </line>
    <line>
      <![CDATA[[18:19:42 INFO] Click on [SignIn]<br>]]>
    </line>
    <line>
      <![CDATA[[18:19:43 INFO] Sending keys to [Login] value [[taras_131@gmail.com]]<br>]]>
    </line>
    <line>
      <![CDATA[[18:19:44 INFO] Sending keys to [Password] value [[taras131, ]]<br>]]>
    </line>
    <line>
      <![CDATA[[18:19:45 INFO] Click on [null]<br>]]>
    </line>
    <line>
      <![CDATA[[18:19:46 INFO] Sending keys to [null] value [[selenium java, ]]<br>]]>
    </line>
    <line>
      <![CDATA[[18:19:48 INFO] 3,670 repository results<br>]]>
    </line>
    <line>
      <![CDATA[[18:19:48 INFO] Result verify tag: 10 from 10 tags contains tag - selenium<br>]]>
    </line>
    <line>
      <![CDATA[[18:19:49 INFO] Sending keys to [null] value [[selenium java, ]]<br>]]>
    </line>
    <line>
      <![CDATA[[18:19:50 INFO] 3,670 repository results<br>]]>
    </line>
    <line>
      <![CDATA[[18:19:51 INFO] Result verify tag: 10 from 10 tags contains tag - selenium<br>]]>
    </line>
    <line>
      <![CDATA[[18:19:51 INFO] Sending keys to [null] value [[cucumber java, ]]<br>]]>
    </line>
    <line>
      <![CDATA[[18:19:54 INFO] 1,190 repository results<br>]]>
    </line>
    <line>
      <![CDATA[[18:19:54 INFO] Result verify tag: 9 from 10 tags contains tag - cucumber<br>]]>
    </line>
    <line>
      <![CDATA[[18:19:55 INFO] Sending keys to [null] value [[testng java, ]]<br>]]>
    </line>
    <line>
      <![CDATA[[18:19:57 INFO] 830 repository results<br>]]>
    </line>
    <line>
      <![CDATA[[18:19:58 INFO] Result verify tag: 9 from 10 tags contains tag - testng<br>]]>
    </line>
    <line>
      <![CDATA[[18:19:58 INFO] Sending keys to [null] value [[junit java, ]]<br>]]>
    </line>
    <line>
      <![CDATA[[18:20:00 INFO] 2,305 repository results<br>]]>
    </line>
    <line>
      <![CDATA[[18:20:01 INFO] Result verify tag: 10 from 10 tags contains tag - junit<br>]]>
    </line>
    <line>
      <![CDATA[[18:20:01 INFO] test failed null<br>]]>
    </line>
    <line>
      <![CDATA[[18:20:01 INFO] test failed null<br>]]>
    </line>
  </reporter-output>
  <suite started-at="2018-06-05T15:19:04Z" name="All Test Suite" finished-at="2018-06-05T15:20:02Z" duration-ms="58425">
    <groups>
    </groups>
    <test started-at="2018-06-05T15:19:04Z" name="Gmail Test" finished-at="2018-06-05T15:19:34Z" duration-ms="30336">
      <class name="com.epam.lab.gmail.tests.TestGmail">
        <test-method is-config="true" signature="createInstance()[pri:0, instance:com.epam.lab.gmail.tests.TestGmail@7bab3f1a]" started-at="2018-06-05T18:19:05Z" name="createInstance" finished-at="2018-06-05T18:19:12Z" duration-ms="7009" status="PASS">
          <reporter-output>
          </reporter-output>
        </test-method> <!-- createInstance -->
        <test-method signature="createAndSendMessage(com.epam.lab.gmail.dataobject.UserModelGmail)[pri:0, instance:com.epam.lab.gmail.tests.TestGmail@7bab3f1a]" started-at="2018-06-05T18:19:12Z" name="createAndSendMessage" data-provider="getData" finished-at="2018-06-05T18:19:33Z" duration-ms="20933" status="PASS">
          <params>
            <param index="0">
              <value>
                <![CDATA[com.epam.lab.gmail.dataobject.UserModelGmail@488eb7f2]]>
              </value>
            </param>
          </params>
          <reporter-output>
            <line>
              <![CDATA[[18:19:12 INFO] test starts null<br>]]>
            </line>
            <line>
              <![CDATA[[18:19:12 INFO] test starts null<br>]]>
            </line>
            <line>
              <![CDATA[[18:19:12 INFO] Sending keys to [Login] value [[seleniumtest581@gmail.com, ]]<br>]]>
            </line>
            <line>
              <![CDATA[[18:19:15 INFO] Sending keys to [Password] value [[test2018, ]]<br>]]>
            </line>
            <line>
              <![CDATA[[18:19:23 INFO] Click on [Compose button]<br>]]>
            </line>
            <line>
              <![CDATA[[18:19:25 INFO] Sending keys to [Reciever message] value [[dachkevych13@gmail.com ]]<br>]]>
            </line>
            <line>
              <![CDATA[[18:19:29 INFO] Sending keys to [Subject message] value [[Some subject]]<br>]]>
            </line>
            <line>
              <![CDATA[[18:19:30 INFO] Sending keys to [Text message] value [[Some text]]<br>]]>
            </line>
            <line>
              <![CDATA[[18:19:30 INFO] Click on [Close message]<br>]]>
            </line>
            <line>
              <![CDATA[[18:19:30 INFO] Click on [Draft message]<br>]]>
            </line>
            <line>
              <![CDATA[[18:19:32 INFO] Click on [Last draft message]<br>]]>
            </line>
            <line>
              <![CDATA[[18:19:33 INFO] Click on [Sent message]<br>]]>
            </line>
            <line>
              <![CDATA[[18:19:33 INFO] test passed null during time 20933<br>]]>
            </line>
            <line>
              <![CDATA[[18:19:33 INFO] test passed null during time 20933<br>]]>
            </line>
          </reporter-output>
        </test-method> <!-- createAndSendMessage -->
        <test-method is-config="true" signature="close()[pri:0, instance:com.epam.lab.gmail.tests.TestGmail@7bab3f1a]" started-at="2018-06-05T18:19:33Z" name="close" finished-at="2018-06-05T18:19:34Z" duration-ms="938" status="PASS">
          <reporter-output>
          </reporter-output>
        </test-method> <!-- close -->
      </class> <!-- com.epam.lab.gmail.tests.TestGmail -->
    </test> <!-- Gmail Test -->
    <test started-at="2018-06-05T15:19:34Z" name="GitHub Test" finished-at="2018-06-05T15:20:02Z" duration-ms="28032">
      <class name="com.epam.lab.github.tests.TestGitHub">
        <test-method is-config="true" signature="createInstance()[pri:0, instance:com.epam.lab.github.tests.TestGitHub@942a29c]" started-at="2018-06-05T18:19:34Z" name="createInstance" finished-at="2018-06-05T18:19:42Z" duration-ms="7850" status="PASS">
          <reporter-output>
          </reporter-output>
        </test-method> <!-- createInstance -->
        <test-method signature="logIn(com.epam.lab.github.dataobject.UserModelGithub)[pri:0, instance:com.epam.lab.github.tests.TestGitHub@942a29c]" started-at="2018-06-05T18:19:42Z" name="logIn" data-provider="dataCSV" finished-at="2018-06-05T18:20:01Z" duration-ms="19373" status="FAIL">
          <params>
            <param index="0">
              <value>
                <![CDATA[com.epam.lab.github.dataobject.UserModelGithub@70b33256]]>
              </value>
            </param>
          </params>
          <exception class="java.lang.AssertionError">
            <message>
              <![CDATA[The following asserts failed:expected [10] but found [9],expected [10] but found [9]]]>
            </message>
            <full-stacktrace>
              <![CDATA[java.lang.AssertionError: The following asserts failed:expected [10] but found [9],expected [10] but found [9]at org.testng.asserts.SoftAssert.assertAll(SoftAssert.java:43)at com.epam.lab.github.tests.TestGitHub.logIn(TestGitHub.java:62)at java.base/jdk.internal.reflect.NativeMethodAccessorImpl.invoke0(Native Method)at java.base/jdk.internal.reflect.NativeMethodAccessorImpl.invoke(NativeMethodAccessorImpl.java:62)at java.base/jdk.internal.reflect.DelegatingMethodAccessorImpl.invoke(DelegatingMethodAccessorImpl.java:43)at java.base/java.lang.reflect.Method.invoke(Method.java:564)at org.testng.internal.MethodInvocationHelper.invokeMethod(MethodInvocationHelper.java:124)at org.testng.internal.Invoker.invokeMethod(Invoker.java:571)at org.testng.internal.Invoker.invokeTestMethod(Invoker.java:707)at org.testng.internal.Invoker.invokeTestMethods(Invoker.java:979)at org.testng.internal.TestMethodWorker.invokeTestMethods(TestMethodWorker.java:125)at org.testng.internal.TestMethodWorker.run(TestMethodWorker.java:109)at org.testng.TestRunner.privateRun(TestRunner.java:648)at org.testng.TestRunner.run(TestRunner.java:505)at org.testng.SuiteRunner.runTest(SuiteRunner.java:455)at org.testng.SuiteRunner.runSequentially(SuiteRunner.java:450)at org.testng.SuiteRunner.privateRun(SuiteRunner.java:415)at org.testng.SuiteRunner.run(SuiteRunner.java:364)at org.testng.SuiteRunnerWorker.runSuite(SuiteRunnerWorker.java:52)at org.testng.SuiteRunnerWorker.run(SuiteRunnerWorker.java:84)at org.testng.TestNG.runSuitesSequentially(TestNG.java:1187)at org.testng.TestNG.runSuitesLocally(TestNG.java:1116)at org.testng.TestNG.runSuites(TestNG.java:1028)at org.testng.TestNG.run(TestNG.java:996)at org.apache.maven.surefire.testng.TestNGExecutor.run(TestNGExecutor.java:281)at org.apache.maven.surefire.testng.TestNGXmlTestSuite.execute(TestNGXmlTestSuite.java:75)at org.apache.maven.surefire.testng.TestNGProvider.invoke(TestNGProvider.java:121)at org.apache.maven.surefire.booter.ForkedBooter.invokeProviderInSameClassLoader(ForkedBooter.java:290)at org.apache.maven.surefire.booter.ForkedBooter.runSuitesInProcess(ForkedBooter.java:242)at org.apache.maven.surefire.booter.ForkedBooter.main(ForkedBooter.java:121)]]>
            </full-stacktrace>
          </exception> <!-- java.lang.AssertionError -->
          <reporter-output>
            <line>
              <![CDATA[[18:19:42 INFO] test starts null<br>]]>
            </line>
            <line>
              <![CDATA[[18:19:42 INFO] test starts null<br>]]>
            </line>
            <line>
              <![CDATA[[18:19:42 INFO] Click on [SignIn]<br>]]>
            </line>
            <line>
              <![CDATA[[18:19:43 INFO] Sending keys to [Login] value [[taras_131@gmail.com]]<br>]]>
            </line>
            <line>
              <![CDATA[[18:19:44 INFO] Sending keys to [Password] value [[taras131, ]]<br>]]>
            </line>
            <line>
              <![CDATA[[18:19:45 INFO] Click on [null]<br>]]>
            </line>
            <line>
              <![CDATA[[18:19:46 INFO] Sending keys to [null] value [[selenium java, ]]<br>]]>
            </line>
            <line>
              <![CDATA[[18:19:48 INFO] 3,670 repository results<br>]]>
            </line>
            <line>
              <![CDATA[[18:19:48 INFO] Result verify tag: 10 from 10 tags contains tag - selenium<br>]]>
            </line>
            <line>
              <![CDATA[[18:19:49 INFO] Sending keys to [null] value [[selenium java, ]]<br>]]>
            </line>
            <line>
              <![CDATA[[18:19:50 INFO] 3,670 repository results<br>]]>
            </line>
            <line>
              <![CDATA[[18:19:51 INFO] Result verify tag: 10 from 10 tags contains tag - selenium<br>]]>
            </line>
            <line>
              <![CDATA[[18:19:51 INFO] Sending keys to [null] value [[cucumber java, ]]<br>]]>
            </line>
            <line>
              <![CDATA[[18:19:54 INFO] 1,190 repository results<br>]]>
            </line>
            <line>
              <![CDATA[[18:19:54 INFO] Result verify tag: 9 from 10 tags contains tag - cucumber<br>]]>
            </line>
            <line>
              <![CDATA[[18:19:55 INFO] Sending keys to [null] value [[testng java, ]]<br>]]>
            </line>
            <line>
              <![CDATA[[18:19:57 INFO] 830 repository results<br>]]>
            </line>
            <line>
              <![CDATA[[18:19:58 INFO] Result verify tag: 9 from 10 tags contains tag - testng<br>]]>
            </line>
            <line>
              <![CDATA[[18:19:58 INFO] Sending keys to [null] value [[junit java, ]]<br>]]>
            </line>
            <line>
              <![CDATA[[18:20:00 INFO] 2,305 repository results<br>]]>
            </line>
            <line>
              <![CDATA[[18:20:01 INFO] Result verify tag: 10 from 10 tags contains tag - junit<br>]]>
            </line>
            <line>
              <![CDATA[[18:20:01 INFO] test failed null<br>]]>
            </line>
            <line>
              <![CDATA[[18:20:01 INFO] test failed null<br>]]>
            </line>
          </reporter-output>
        </test-method> <!-- logIn -->
        <test-method is-config="true" signature="kill()[pri:0, instance:com.epam.lab.github.tests.TestGitHub@942a29c]" started-at="2018-06-05T18:20:01Z" name="kill" finished-at="2018-06-05T18:20:02Z" duration-ms="773" status="PASS">
          <reporter-output>
          </reporter-output>
        </test-method> <!-- kill -->
      </class> <!-- com.epam.lab.github.tests.TestGitHub -->
    </test> <!-- GitHub Test -->
  </suite> <!-- All Test Suite -->
</testng-results>
