<html>
<head>
<title>TestNG:  GitHub Test</title>
<link href="../testng.css" rel="stylesheet" type="text/css" />
<link href="../my-testng.css" rel="stylesheet" type="text/css" />

<style type="text/css">
.log { display: none;} 
.stack-trace { display: none;} 
</style>
<script type="text/javascript">
<!--
function flip(e) {
  current = e.style.display;
  if (current == 'block') {
    e.style.display = 'none';
    return 0;
  }
  else {
    e.style.display = 'block';
    return 1;
  }
}

function toggleBox(szDivId, elem, msg1, msg2)
{
  var res = -1;  if (document.getElementById) {
    res = flip(document.getElementById(szDivId));
  }
  else if (document.all) {
    // this is the way old msie versions work
    res = flip(document.all[szDivId]);
  }
  if(elem) {
    if(res == 0) elem.innerHTML = msg1; else elem.innerHTML = msg2;
  }

}

function toggleAllBoxes() {
  if (document.getElementsByTagName) {
    d = document.getElementsByTagName('div');
    for (i = 0; i < d.length; i++) {
      if (d[i].className == 'log') {
        flip(d[i]);
      }
    }
  }
}

// -->
</script>

</head>
<body>
<h2 align='center'>GitHub Test</h2><table border='1' align="center">
<tr>
<td>Tests passed/Failed/Skipped:</td><td>0/1/0</td>
</tr><tr>
<td>Started on:</td><td>Tue Jun 05 18:19:34 EEST 2018</td>
</tr>
<tr><td>Total time:</td><td>28 seconds (28032 ms)</td>
</tr><tr>
<td>Included groups:</td><td></td>
</tr><tr>
<td>Excluded groups:</td><td></td>
</tr>
</table><p/>
<small><i>(Hover the method name to see the test class name)</i></small><p/>
<table width='100%' border='1' class='invocation-failed'>
<tr><td colspan='4' align='center'><b>FAILED TESTS</b></td></tr>
<tr><td><b>Test method</b></td>
<td width="30%"><b>Exception</b></td>
<td width="10%"><b>Time (seconds)</b></td>
<td><b>Instance</b></td>
</tr>
<tr>
<td title='com.epam.lab.github.tests.TestGitHub.logIn()'><b>logIn</b><br>Test class: com.epam.lab.github.tests.TestGitHub<br>Parameters: com.epam.lab.github.dataobject.UserModelGithub@70b33256<br/>
<a href="#Output-612937843" onClick='toggleBox("Output-612937843", this, "Show output", "Hide output");'>Show output</a>

<a href="#Output-612937843" onClick="toggleAllBoxes();">Show all outputs</a>
<div class='log' id="Output-612937843">
[18:19:42 INFO] test starts null<br><br/>
[18:19:42 INFO] test starts null<br><br/>
[18:19:42 INFO] Click on [SignIn]<br><br/>
[18:19:43 INFO] Sending keys to [Login] value [[taras_131@gmail.com]]<br><br/>
[18:19:44 INFO] Sending keys to [Password] value [[taras131, ?]]<br><br/>
[18:19:45 INFO] Click on [null]<br><br/>
[18:19:46 INFO] Sending keys to [null] value [[selenium java, ?]]<br><br/>
[18:19:48 INFO] 3,670 repository results<br><br/>
[18:19:48 INFO] Result verify tag: 10 from 10 tags contains tag - selenium<br><br/>
[18:19:49 INFO] Sending keys to [null] value [[selenium java, ?]]<br><br/>
[18:19:50 INFO] 3,670 repository results<br><br/>
[18:19:51 INFO] Result verify tag: 10 from 10 tags contains tag - selenium<br><br/>
[18:19:51 INFO] Sending keys to [null] value [[cucumber java, ?]]<br><br/>
[18:19:54 INFO] 1,190 repository results<br><br/>
[18:19:54 INFO] Result verify tag: 9 from 10 tags contains tag - cucumber<br><br/>
[18:19:55 INFO] Sending keys to [null] value [[testng java, ?]]<br><br/>
[18:19:57 INFO] 830 repository results<br><br/>
[18:19:58 INFO] Result verify tag: 9 from 10 tags contains tag - testng<br><br/>
[18:19:58 INFO] Sending keys to [null] value [[junit java, ?]]<br><br/>
[18:20:00 INFO] 2,305 repository results<br><br/>
[18:20:01 INFO] Result verify tag: 10 from 10 tags contains tag - junit<br><br/>
[18:20:01 INFO] test failed null<br><br/>
[18:20:01 INFO] test failed null<br><br/>
</div>
</td>
<td><div><pre>java.lang.AssertionError: The following asserts failed:
	expected [10] but found [9],
	expected [10] but found [9]
	at com.epam.lab.github.tests.TestGitHub.logIn(TestGitHub.java:62)
... Removed 29 stack frames</pre></div><a href='#' onClick='toggleBox("stack-trace612937843", this, "Click to show all stack frames", "Click to hide stack frames")'>Click to show all stack frames</a>
<div class='stack-trace' id='stack-trace612937843'><pre>java.lang.AssertionError: The following asserts failed:
	expected [10] but found [9],
	expected [10] but found [9]
	at org.testng.asserts.SoftAssert.assertAll(SoftAssert.java:43)
	at com.epam.lab.github.tests.TestGitHub.logIn(TestGitHub.java:62)
	at java.base/jdk.internal.reflect.NativeMethodAccessorImpl.invoke0(Native Method)
	at java.base/jdk.internal.reflect.NativeMethodAccessorImpl.invoke(NativeMethodAccessorImpl.java:62)
	at java.base/jdk.internal.reflect.DelegatingMethodAccessorImpl.invoke(DelegatingMethodAccessorImpl.java:43)
	at java.base/java.lang.reflect.Method.invoke(Method.java:564)
	at org.testng.internal.MethodInvocationHelper.invokeMethod(MethodInvocationHelper.java:124)
	at org.testng.internal.Invoker.invokeMethod(Invoker.java:571)
	at org.testng.internal.Invoker.invokeTestMethod(Invoker.java:707)
	at org.testng.internal.Invoker.invokeTestMethods(Invoker.java:979)
	at org.testng.internal.TestMethodWorker.invokeTestMethods(TestMethodWorker.java:125)
	at org.testng.internal.TestMethodWorker.run(TestMethodWorker.java:109)
	at org.testng.TestRunner.privateRun(TestRunner.java:648)
	at org.testng.TestRunner.run(TestRunner.java:505)
	at org.testng.SuiteRunner.runTest(SuiteRunner.java:455)
	at org.testng.SuiteRunner.runSequentially(SuiteRunner.java:450)
	at org.testng.SuiteRunner.privateRun(SuiteRunner.java:415)
	at org.testng.SuiteRunner.run(SuiteRunner.java:364)
	at org.testng.SuiteRunnerWorker.runSuite(SuiteRunnerWorker.java:52)
	at org.testng.SuiteRunnerWorker.run(SuiteRunnerWorker.java:84)
	at org.testng.TestNG.runSuitesSequentially(TestNG.java:1187)
	at org.testng.TestNG.runSuitesLocally(TestNG.java:1116)
	at org.testng.TestNG.runSuites(TestNG.java:1028)
	at org.testng.TestNG.run(TestNG.java:996)
	at org.apache.maven.surefire.testng.TestNGExecutor.run(TestNGExecutor.java:281)
	at org.apache.maven.surefire.testng.TestNGXmlTestSuite.execute(TestNGXmlTestSuite.java:75)
	at org.apache.maven.surefire.testng.TestNGProvider.invoke(TestNGProvider.java:121)
	at org.apache.maven.surefire.booter.ForkedBooter.invokeProviderInSameClassLoader(ForkedBooter.java:290)
	at org.apache.maven.surefire.booter.ForkedBooter.runSuitesInProcess(ForkedBooter.java:242)
	at org.apache.maven.surefire.booter.ForkedBooter.main(ForkedBooter.java:121)
</pre></div></td>
<td>19</td>
<td>com.epam.lab.github.tests.TestGitHub@942a29c</td></tr>
</table><p>
</body>
</html>