<?xml version="1.0" encoding="UTF-8"?>
<!-- Generated by org.testng.reporters.JUnitXMLReporter -->
<testsuite ignored="0" hostname="Taras-PC" failures="1" tests="1" name="GitHub Test" time="28.032" errors="0" timestamp="05 черв. 2018 15:20:02 GMT">
  <testcase classname="com.epam.lab.github.tests.TestGitHub" name="logIn" time="19.373">
    <failure type="java.lang.AssertionError" message="The following asserts failed:
	expected [10] but found [9],
	expected [10] but found [9]">
      <![CDATA[java.lang.AssertionError: The following asserts failed:expected [10] but found [9],expected [10] but found [9]at com.epam.lab.github.tests.TestGitHub.logIn(TestGitHub.java:62)... Removed 29 stack frames]]>
    </failure>
  </testcase> <!-- logIn -->
</testsuite> <!-- GitHub Test -->
